<=====================================================>
03-07-2020: 18-36-40
Message from Насибуллин (Tulesha), id = 404715825
/cb Доллар 12-53462-2000
>=====================================================<
<=====================================================>
[EXCEPTION] type: <class 'ValueError'>
>=====================================================<
<=====================================================>
03-07-2020: 18-36-40
Message from None, id = 970627052
Вы ввели невалидную дату
>=====================================================<
<=====================================================>
03-07-2020: 18-36-55
Message from Насибуллин (Tulesha), id = 404715825
/cb Доллар 12-11-2000
>=====================================================<
<=====================================================>
03-07-2020: 18-36-56
Message from None, id = 970627052
Центробанк
12-11-2000
USD
27.78 руб.
>=====================================================<
<=====================================================>
03-07-2020: 18-37-11
Message from Насибуллин (Tulesha), id = 404715825
/cb Доллар 12-03-1950
>=====================================================<
<=====================================================>
[EXCEPTION] type: <class 'apis.cbBank.CentralBankError'>
>=====================================================<
<=====================================================>
03-07-2020: 18-37-11
Message from None, id = 970627052
По данной дате ничего не найдено. Вы вышли за пределы.
>=====================================================<
<=====================================================>
03-07-2020: 18-37-31
Message from Насибуллин (Tulesha), id = 404715825
щас бы иены в Казани
>=====================================================<
<=====================================================>
03-07-2020: 18-37-31
Message from None, id = 970627052
Иена
г.Казань
Сбербанк
Покупка: 63.48 руб.
Продажа: 69.52 руб.

Росбанк
Покупка: 61.0 руб.
Продажа: 70.0 руб.

Банк ВТБ
Покупка: 63.65 руб.
Продажа: 68.7 руб.

Райффайзенбанк
Покупка: 64.45 руб.
Продажа: 68.5 руб.
>=====================================================<
<=====================================================>
03-07-2020: 18-51-45
Message from Насибуллин (Tulesha), id = 404715825
/cb Доллар 12-53462-2000
>=====================================================<
<=====================================================>
[EXCEPTION] type: <class 'ValueError'>
>=====================================================<
<=====================================================>
03-07-2020: 18-51-46
Message from None, id = 970627052
Вы ввели невалидную дату. За такое Вася и обидеться может
>=====================================================<
<=====================================================>
03-07-2020: 18-51-51
Message from Насибуллин (Tulesha), id = 404715825
/cb Доллар 12-03-1950
>=====================================================<
<=====================================================>
[EXCEPTION] type: <class 'apis.cbBank.CentralBankError'>
>=====================================================<
<=====================================================>
03-07-2020: 18-51-51
Message from None, id = 970627052
По данной дате ничего не найдено, так как вы вышли за пределы. Соблюдай пределы, или встретишь Васю
>=====================================================<
<=====================================================>
03-07-2020: 18-52-03
Message from Насибуллин (Tulesha), id = 404715825
щас бы иены в Казани
>=====================================================<
<=====================================================>
03-07-2020: 18-52-04
Message from None, id = 970627052
Иена
г.Казань
Сбербанк
Покупка: 63.48 руб.
Продажа: 69.52 руб.

Росбанк
Покупка: 61.0 руб.
Продажа: 70.0 руб.

Банк ВТБ
Покупка: 63.65 руб.
Продажа: 68.7 руб.

Райффайзенбанк
Покупка: 64.45 руб.
Продажа: 68.5 руб.
>=====================================================<
<=====================================================>
03-07-2020: 18-52-05
Message from Насибуллин (Tulesha), id = 404715825
gbynuimo,
>=====================================================<
<=====================================================>
03-07-2020: 18-52-05
Message from None, id = 970627052
Прости, но я ничего не нашел. Зато Вася нашел баскет с крылышками.
>=====================================================<
<=====================================================>
03-07-2020: 19-57-18
Message from rty, id = 535750982
/start
>=====================================================<
<=====================================================>
03-07-2020: 19-57-19
Message from None, id = 970627052
Привет! Я Вася и я чудо машина
>=====================================================<
<=====================================================>
03-07-2020: 19-57-24
Message from rty, id = 535750982
ты мразь
>=====================================================<
<=====================================================>
03-07-2020: 19-57-24
Message from None, id = 970627052
Прости, но я ничего не нашел. Зато Вася нашел баскет с крылышками.
>=====================================================<
<=====================================================>
03-07-2020: 19-57-31
Message from rty, id = 535750982
/help
>=====================================================<
<=====================================================>
03-07-2020: 19-57-31
Message from None, id = 970627052
Я Вася и я умею многое. Например кушать крылышки из КФС и находить курс валют

Введите предложение, в котором есть город и валюта (доллар, евро ...), чтобы узнать курс

Чтобы узнать курс в ЦБ, напишите /cb *Валюта на русском языке* *Дата в формате ДЕНЬ-МЕСЯЦ-ГОД*

Чтобы узнать какие города поддерживаются, напишите /cities

Поддерживаются валюты: доллар, евро, фунт, иена, юань(не поддерживается в ЦБ)

Также я отвечу повотором на любое твое сообщение
>=====================================================<
<=====================================================>
03-07-2020: 19-57-52
Message from Kuzmin, id = 349124064
None
>=====================================================<
<=====================================================>
03-07-2020: 19-57-52
Message from None, id = 970627052
Классное фото
>=====================================================<
<=====================================================>
03-07-2020: 19-57-57
Message from Kuzmin, id = 349124064
None
>=====================================================<
<=====================================================>
03-07-2020: 19-57-57
Message from None, id = 970627052
Классный стикер
>=====================================================<
<=====================================================>
03-07-2020: 19-58-57
Message from Насибуллин (Tulesha), id = 404715825
юань Казань
>=====================================================<
<=====================================================>
03-07-2020: 19-58-58
Message from None, id = 970627052
Юань
г.Казань
Банк ВТБ
Покупка: 9.69 руб.
Продажа: 10.45 руб.

Энергобанк
Покупка: 7.5 руб.
Продажа: 12.5 руб.

Росбанк
Покупка: 9.3 руб.
Продажа: 10.5 руб.
>=====================================================<
<=====================================================>
03-07-2020: 19-59-13
Message from Kuzmin, id = 349124064
None
>=====================================================<
<=====================================================>
03-07-2020: 19-59-13
Message from None, id = 970627052
Классный документ
>=====================================================<
<=====================================================>
03-07-2020: 19-59-46
Message from Kuzmin, id = 349124064
None
>=====================================================<
<=====================================================>
03-07-2020: 19-59-47
Message from None, id = 970627052
Классное аудио
>=====================================================<
<=====================================================>
03-07-2020: 20-00-16
Message from rty, id = 535750982
/cb юань 11-11-2011
>=====================================================<
<=====================================================>
03-07-2020: 20-00-16
Message from None, id = 970627052
Прости, но ты ввел команду неправильно. За это Вася тебя не любит
>=====================================================<
<=====================================================>
03-07-2020: 20-00-35
Message from rty, id = 535750982
/cb иена 11-11-2011
>=====================================================<
<=====================================================>
03-07-2020: 20-00-36
Message from None, id = 970627052
Центробанк
11-11-2011
JPY
39.7006руб.
>=====================================================<
<=====================================================>
03-07-2020: 20-00-49
Message from Kuzmin, id = 349124064
Еврики в самаре
>=====================================================<
<=====================================================>
03-07-2020: 20-00-49
Message from None, id = 970627052
Евро
г.Самара
Сбербанк
Покупка: 78.35 руб.
Продажа: 82.37 руб.

Газпромбанк
Покупка: 78.2 руб.
Продажа: 81.25 руб.

Банк «Открытие»
Покупка: 78.7 руб.
Продажа: 81.85 руб.

Совкомбанк
Покупка: 79.5 руб.
Продажа: 81.5 руб.

Райффайзенбанк
Покупка: 77.9 руб.
Продажа: 82.75 руб.
>=====================================================<
<=====================================================>
03-07-2020: 20-04-55
Message from rty, id = 535750982
/cb иена 11-11-1990
>=====================================================<
<=====================================================>
[EXCEPTION] type: <class 'apis.cbBank.CentralBankError'>
>=====================================================<
<=====================================================>
03-07-2020: 20-04-55
Message from None, id = 970627052
По данной дате ничего не найдено, так как вы вышли за пределы. Соблюдай пределы, или встретишь Васю
>=====================================================<
